<?xml version="1.0" encoding="UTF-8"?>
<testsuite name="DefaultLoyaltySystemServiceTest" tests="4" skipped="0" failures="0" errors="0" timestamp="2015-06-01T22:43:04" hostname="Latitude" time="0.283">
  <properties/>
  <testcase name="printStatementTest" classname="DefaultLoyaltySystemServiceTest" time="0.215"/>
  <testcase name="printStatementNoCustomersTest" classname="DefaultLoyaltySystemServiceTest" time="0.0"/>
  <testcase name="printStatementMoreVisitsTest" classname="DefaultLoyaltySystemServiceTest" time="0.003"/>
  <testcase name="spendMoneyTest" classname="DefaultLoyaltySystemServiceTest" time="0.001"/>
  <system-out><![CDATA[]]></system-out>
  <system-err><![CDATA[[Test worker] INFO DefaultLoyaltySystemServiceTest - Start printing statement for one visit
[Test worker] INFO com.paulhoang.services.impl.DefaultLoyaltySystemService - Customer 1 statement
[Test worker] INFO com.paulhoang.services.impl.DefaultLoyaltySystemService - Month: Jun
[Test worker] INFO com.paulhoang.services.impl.DefaultLoyaltySystemService - Visits in total: 1
[Test worker] INFO com.paulhoang.services.impl.DefaultLoyaltySystemService - Visits:
[Test worker] INFO com.paulhoang.services.impl.DefaultLoyaltySystemService - 06/01/2015 23:43:04 []
[Test worker] INFO com.paulhoang.services.impl.DefaultLoyaltySystemService - Worth: 0.02
[Test worker] INFO DefaultLoyaltySystemServiceTest - End printing statement for one visit
[Test worker] INFO com.paulhoang.services.impl.DefaultLoyaltySystemService - Customer 1 not found
[Test worker] INFO DefaultLoyaltySystemServiceTest - Start printing statement for three visit
[Test worker] INFO com.paulhoang.services.impl.DefaultLoyaltySystemService - Customer 1 statement
[Test worker] INFO com.paulhoang.services.impl.DefaultLoyaltySystemService - Month: Jun
[Test worker] INFO com.paulhoang.services.impl.DefaultLoyaltySystemService - Visits in total: 3
[Test worker] INFO com.paulhoang.services.impl.DefaultLoyaltySystemService - Visits:
[Test worker] INFO com.paulhoang.services.impl.DefaultLoyaltySystemService - 06/01/2015 23:43:04 []
[Test worker] INFO com.paulhoang.services.impl.DefaultLoyaltySystemService - 06/01/2015 23:43:04 [OVER_100]
[Test worker] INFO com.paulhoang.services.impl.DefaultLoyaltySystemService - 06/01/2015 23:43:04 [OVER_100, THIRED_VISIT]
[Test worker] INFO com.paulhoang.services.impl.DefaultLoyaltySystemService - Worth: 4.5600000000000005
[Test worker] INFO DefaultLoyaltySystemServiceTest - End printing statement for three visit
]]></system-err>
</testsuite>
