<?xml version="1.0" encoding="UTF-8"?>
<testsuite name="DefaultPointsCalculatorTest" tests="4" skipped="0" failures="0" errors="0" timestamp="2015-06-01T22:43:05" hostname="Latitude" time="0.043">
  <properties/>
  <testcase name="calculatePoints3Visits101PoundsTest" classname="DefaultPointsCalculatorTest" time="0.03"/>
  <testcase name="calculatePointsTest" classname="DefaultPointsCalculatorTest" time="0.001"/>
  <testcase name="calculatePoints3Visits100PoundsTest" classname="DefaultPointsCalculatorTest" time="0.001"/>
  <testcase name="calculatePoints3VisitsTest" classname="DefaultPointsCalculatorTest" time="0.001"/>
  <system-out><![CDATA[]]></system-out>
  <system-err><![CDATA[]]></system-err>
</testsuite>
